<?xml version="1.0" encoding="UTF-8"?>
<testsuite xmlns:xsi="http://www.w3.org/2001/XMLSchema-instance" xsi:noNamespaceSchemaLocation="https://maven.apache.org/surefire/maven-surefire-plugin/xsd/surefire-test-report.xsd" name="CategoryTest" time="0.06" tests="4" errors="0" skipped="0" failures="0">
  <properties>
[...]
</properties>
  <testcase name="addNewCategoryAssertions" classname="CategoryTest" time="0.029"/>
  <testcase name="categoryListHasNameAssertions" classname="CategoryTest" time="0"/>
  <testcase name="categoryListHasIdAssertions" classname="CategoryTest" time="0.001"/>
  <testcase name="categoryListNotEmptyAssertions" classname="CategoryTest" time="0.004"/>
</testsuite>