<?xml version="1.0" encoding="UTF-8"?>
<testsuite xmlns:xsi="http://www.w3.org/2001/XMLSchema-instance" xsi:noNamespaceSchemaLocation="https://maven.apache.org/surefire/maven-surefire-plugin/xsd/surefire-test-report-3.0.xsd" version="3.0" name="BookManagementTest" time="0.124" tests="6" errors="0" skipped="0" failures="0">
  <properties>
[...]
</properties>
  <testcase name="groupedAssertions" classname="BookManagementTest" time="0.033"/>
  <testcase name="propertiesAssetions" classname="BookManagementTest" time="0.003"/>
  <testcase name="SearchBookAssertion" classname="BookManagementTest" time="0.002"/>
  <testcase name="purchaseAssertions" classname="BookManagementTest" time="0.05"/>
  <testcase name="ordersAssertions" classname="BookManagementTest" time="0.004"/>
  <testcase name="salesAssertions" classname="BookManagementTest" time="0.002"/>
</testsuite>